c:\users\tetcos-demo system\desktop\new folder\workspace_rpl_dodag_in_iot\src\simulation\rpl\x64\debug\vc141.pdb
c:\users\tetcos-demo system\desktop\new folder\workspace_rpl_dodag_in_iot\src\simulation\rpl\x64\debug\vc141.idb
c:\users\tetcos-demo system\desktop\new folder\workspace_rpl_dodag_in_iot\src\simulation\rpl\x64\debug\trickle.obj
c:\users\tetcos-demo system\desktop\new folder\workspace_rpl_dodag_in_iot\src\simulation\rpl\x64\debug\sequencenumber.obj
c:\users\tetcos-demo system\desktop\new folder\workspace_rpl_dodag_in_iot\src\simulation\rpl\x64\debug\rpl_message.obj
c:\users\tetcos-demo system\desktop\new folder\workspace_rpl_dodag_in_iot\src\simulation\rpl\x64\debug\rpl_enum.obj
c:\users\tetcos-demo system\desktop\new folder\workspace_rpl_dodag_in_iot\src\simulation\rpl\x64\debug\rpl.obj
c:\users\tetcos-demo system\desktop\new folder\workspace_rpl_dodag_in_iot\src\simulation\rpl\x64\debug\neighbor.obj
c:\users\tetcos-demo system\desktop\new folder\workspace_rpl_dodag_in_iot\src\simulation\rpl\x64\debug\matlab_interface.obj
c:\users\tetcos-demo system\desktop\new folder\workspace_rpl_dodag_in_iot\src\simulation\rpl\x64\debug\dodag.obj
c:\users\tetcos-demo system\desktop\new folder\workspace_rpl_dodag_in_iot\src\simulation\rpl\x64\debug\dis.obj
c:\users\tetcos-demo system\desktop\new folder\workspace_rpl_dodag_in_iot\src\simulation\rpl\x64\debug\dio.obj
c:\users\tetcos-demo system\desktop\new folder\workspace_rpl_dodag_in_iot\src\simulation\rpl\x64\debug\dao.obj
c:\users\tetcos-demo system\desktop\new folder\workspace_rpl_dodag_in_iot\bin\bin_x64\librpl.dll
c:\users\tetcos-demo system\desktop\new folder\workspace_rpl_dodag_in_iot\bin\bin_x64\rpl.pdb
c:\users\tetcos-demo system\desktop\new folder\workspace_rpl_dodag_in_iot\bin\bin_x64\rpl.lib
c:\users\tetcos-demo system\desktop\new folder\workspace_rpl_dodag_in_iot\bin\bin_x64\rpl.exp
c:\users\tetcos-demo system\desktop\rpl_dodag_formation_visualization_in_iot_networks_v11.1\workspace_dodag_visualization\src\simulation\rpl\x64\debug\dao.obj
c:\users\tetcos-demo system\desktop\rpl_dodag_formation_visualization_in_iot_networks_v11.1\workspace_dodag_visualization\src\simulation\rpl\x64\debug\dio.obj
c:\users\tetcos-demo system\desktop\rpl_dodag_formation_visualization_in_iot_networks_v11.1\workspace_dodag_visualization\src\simulation\rpl\x64\debug\dis.obj
c:\users\tetcos-demo system\desktop\rpl_dodag_formation_visualization_in_iot_networks_v11.1\workspace_dodag_visualization\src\simulation\rpl\x64\debug\dodag.obj
c:\users\tetcos-demo system\desktop\rpl_dodag_formation_visualization_in_iot_networks_v11.1\workspace_dodag_visualization\src\simulation\rpl\x64\debug\matlab_interface.obj
c:\users\tetcos-demo system\desktop\rpl_dodag_formation_visualization_in_iot_networks_v11.1\workspace_dodag_visualization\src\simulation\rpl\x64\debug\neighbor.obj
c:\users\tetcos-demo system\desktop\rpl_dodag_formation_visualization_in_iot_networks_v11.1\workspace_dodag_visualization\src\simulation\rpl\x64\debug\rpl.obj
c:\users\tetcos-demo system\desktop\rpl_dodag_formation_visualization_in_iot_networks_v11.1\workspace_dodag_visualization\src\simulation\rpl\x64\debug\rpl_enum.obj
c:\users\tetcos-demo system\desktop\rpl_dodag_formation_visualization_in_iot_networks_v11.1\workspace_dodag_visualization\src\simulation\rpl\x64\debug\rpl_message.obj
c:\users\tetcos-demo system\desktop\rpl_dodag_formation_visualization_in_iot_networks_v11.1\workspace_dodag_visualization\src\simulation\rpl\x64\debug\sequencenumber.obj
c:\users\tetcos-demo system\desktop\rpl_dodag_formation_visualization_in_iot_networks_v11.1\workspace_dodag_visualization\src\simulation\rpl\x64\debug\trickle.obj
c:\users\tetcos-demo system\desktop\rpl_dodag_formation_visualization_in_iot_networks_v11.1\workspace_dodag_visualization\src\simulation\rpl\x64\debug\vc141.idb
c:\users\tetcos-demo system\desktop\rpl_dodag_formation_visualization_in_iot_networks_v11.1\workspace_dodag_visualization\src\simulation\rpl\x64\debug\vc141.pdb
c:\users\tetcos-demo system\desktop\rpl_dodag_formation_visualization_in_iot_networks_v11.1\workspace_dodag_visualization\src\simulation\rpl\x64\debug\rpl.tlog\cl.command.1.tlog
c:\users\tetcos-demo system\desktop\rpl_dodag_formation_visualization_in_iot_networks_v11.1\workspace_dodag_visualization\src\simulation\rpl\x64\debug\rpl.tlog\cl.read.1.tlog
c:\users\tetcos-demo system\desktop\rpl_dodag_formation_visualization_in_iot_networks_v11.1\workspace_dodag_visualization\src\simulation\rpl\x64\debug\rpl.tlog\cl.write.1.tlog
c:\users\tetcos-demo system\desktop\rpl_dodag_formation_visualization_in_iot_networks_v11.1\workspace_dodag_visualization\src\simulation\rpl\x64\debug\rpl.tlog\link.command.1.tlog
c:\users\tetcos-demo system\desktop\rpl_dodag_formation_visualization_in_iot_networks_v11.1\workspace_dodag_visualization\src\simulation\rpl\x64\debug\rpl.tlog\link.read.1.tlog
c:\users\tetcos-demo system\desktop\rpl_dodag_formation_visualization_in_iot_networks_v11.1\workspace_dodag_visualization\src\simulation\rpl\x64\debug\rpl.tlog\link.write.1.tlog
c:\users\tetcos-demo system\desktop\rpl_dodag_formation_visualization_in_iot_networks_v11.1\workspace_dodag_visualization\src\simulation\rpl\x64\debug\rpl.tlog\rpl.write.1u.tlog
